LOG 2023/04/21
Save Path: d:\Desktop\大碩下載器\N_m3u8DL-CLI_v3.0.2_with_ffmpeg_and_SimpleG\Logs
Task Start: 2023/04/21 12:38:04
Task CommandLine: d:\Desktop\大碩下載器\N_m3u8DL-CLI_v3.0.2_with_ffmpeg_and_SimpleG\N_m3u8DL-CLI_v3.0.2.exe https://ukzy.ukubf3.com/20220517/NK0qnjLo/2000kb/hls/index.m3u8 --workDir C:\Users\aaron\Downloads --saveName "如懿傳 第56集"

12:38:04.021 / (NORMAL) Start Parsing https://ukzy.ukubf3.com/20220517/NK0qnjLo/2000kb/hls/index.m3u8
12:38:13.486 / (NORMAL) Writing Json: [meta.json]
12:38:13.576 / (NORMAL) Start Downloading
12:38:40.599 / (NORMAL) Reading File Info...
12:38:40.645 / (NORMAL) PID 0x100: Video h264, yuv420p(progressive), 1920x1080, 25 fps, 25 tbr, 90k tbn, 50 tbc
12:38:40.646 / (NORMAL) PID 0x101: Audio aac, 44100 Hz, stereo, fltp, 68 kb/s
12:39:11.895 / (ERROR) DOWN: The operation has timed out https://ukzy.ukubf3.com/20220517/NK0qnjLo/2000kb/hls/0T8mJANR.ts
12:39:12.904 / (ERROR) DOWN: AUTO RETRY 1/3 https://ukzy.ukubf3.com/20220517/NK0qnjLo/2000kb/hls/0T8mJANR.ts
12:39:14.530 / (ERROR) DOWN: The operation has timed out. https://ukzy.ukubf3.com/20220517/NK0qnjLo/2000kb/hls/7sEDCZkv.ts
12:39:15.257 / (ERROR) DOWN: The operation has timed out https://ukzy.ukubf3.com/20220517/NK0qnjLo/2000kb/hls/1ECp45h3.ts
12:39:15.538 / (ERROR) DOWN: AUTO RETRY 1/3 https://ukzy.ukubf3.com/20220517/NK0qnjLo/2000kb/hls/7sEDCZkv.ts
12:39:16.281 / (ERROR) DOWN: AUTO RETRY 1/3 https://ukzy.ukubf3.com/20220517/NK0qnjLo/2000kb/hls/1ECp45h3.ts
12:39:16.410 / (ERROR) DOWN: The operation has timed out https://ukzy.ukubf3.com/20220517/NK0qnjLo/2000kb/hls/0IxhOJZK.ts
12:39:17.423 / (ERROR) DOWN: AUTO RETRY 1/3 https://ukzy.ukubf3.com/20220517/NK0qnjLo/2000kb/hls/0IxhOJZK.ts
12:39:20.389 / (ERROR) DOWN: The operation has timed out. https://ukzy.ukubf3.com/20220517/NK0qnjLo/2000kb/hls/BDgjxKPK.ts
12:39:21.414 / (ERROR) DOWN: AUTO RETRY 1/3 https://ukzy.ukubf3.com/20220517/NK0qnjLo/2000kb/hls/BDgjxKPK.ts
12:39:25.526 / (ERROR) DOWN: The operation has timed out https://ukzy.ukubf3.com/20220517/NK0qnjLo/2000kb/hls/2B1cGlYK.ts
12:39:26.541 / (ERROR) DOWN: AUTO RETRY 1/3 https://ukzy.ukubf3.com/20220517/NK0qnjLo/2000kb/hls/2B1cGlYK.ts
12:39:29.190 / (ERROR) DOWN: The operation has timed out. https://ukzy.ukubf3.com/20220517/NK0qnjLo/2000kb/hls/l2aanpta.ts
12:39:30.199 / (ERROR) DOWN: AUTO RETRY 1/3 https://ukzy.ukubf3.com/20220517/NK0qnjLo/2000kb/hls/l2aanpta.ts
12:39:35.554 / (ERROR) DOWN: The operation has timed out. https://ukzy.ukubf3.com/20220517/NK0qnjLo/2000kb/hls/Ae7xn1Y7.ts
12:39:36.559 / (ERROR) DOWN: The operation has timed out https://ukzy.ukubf3.com/20220517/NK0qnjLo/2000kb/hls/2B1cGlYK.ts
12:39:36.574 / (ERROR) DOWN: AUTO RETRY 1/3 https://ukzy.ukubf3.com/20220517/NK0qnjLo/2000kb/hls/Ae7xn1Y7.ts
12:39:37.570 / (ERROR) DOWN: AUTO RETRY 2/3 https://ukzy.ukubf3.com/20220517/NK0qnjLo/2000kb/hls/2B1cGlYK.ts
12:39:37.990 / (ERROR) DOWN: The operation has timed out. https://ukzy.ukubf3.com/20220517/NK0qnjLo/2000kb/hls/BDgjxKPK.ts
12:39:39.009 / (ERROR) DOWN: AUTO RETRY 2/3 https://ukzy.ukubf3.com/20220517/NK0qnjLo/2000kb/hls/BDgjxKPK.ts
12:39:39.614 / (ERROR) DOWN: The operation has timed out https://ukzy.ukubf3.com/20220517/NK0qnjLo/2000kb/hls/1N99KthM.ts
12:39:40.629 / (ERROR) DOWN: AUTO RETRY 1/3 https://ukzy.ukubf3.com/20220517/NK0qnjLo/2000kb/hls/1N99KthM.ts
12:39:43.029 / (ERROR) DOWN: The operation has timed out. https://ukzy.ukubf3.com/20220517/NK0qnjLo/2000kb/hls/2FlzHslc.ts
12:39:43.399 / (ERROR) DOWN: The operation has timed out. https://ukzy.ukubf3.com/20220517/NK0qnjLo/2000kb/hls/9Ndf9LcG.ts
12:39:44.047 / (ERROR) DOWN: AUTO RETRY 1/3 https://ukzy.ukubf3.com/20220517/NK0qnjLo/2000kb/hls/2FlzHslc.ts
12:39:44.417 / (ERROR) DOWN: AUTO RETRY 1/3 https://ukzy.ukubf3.com/20220517/NK0qnjLo/2000kb/hls/9Ndf9LcG.ts
12:39:46.586 / (ERROR) DOWN: The operation has timed out https://ukzy.ukubf3.com/20220517/NK0qnjLo/2000kb/hls/Ae7xn1Y7.ts
12:39:47.601 / (ERROR) DOWN: AUTO RETRY 2/3 https://ukzy.ukubf3.com/20220517/NK0qnjLo/2000kb/hls/Ae7xn1Y7.ts
12:39:50.605 / (ERROR) DOWN: The operation has timed out. https://ukzy.ukubf3.com/20220517/NK0qnjLo/2000kb/hls/vRJg7z5d.ts
12:39:51.579 / (ERROR) DOWN: The operation has timed out. https://ukzy.ukubf3.com/20220517/NK0qnjLo/2000kb/hls/l2aanpta.ts
12:39:51.622 / (ERROR) DOWN: AUTO RETRY 1/3 https://ukzy.ukubf3.com/20220517/NK0qnjLo/2000kb/hls/vRJg7z5d.ts
12:39:52.350 / (ERROR) DOWN: The operation has timed out. https://ukzy.ukubf3.com/20220517/NK0qnjLo/2000kb/hls/0T8mJANR.ts
12:39:52.596 / (ERROR) DOWN: AUTO RETRY 2/3 https://ukzy.ukubf3.com/20220517/NK0qnjLo/2000kb/hls/l2aanpta.ts
12:39:53.358 / (ERROR) DOWN: AUTO RETRY 2/3 https://ukzy.ukubf3.com/20220517/NK0qnjLo/2000kb/hls/0T8mJANR.ts
12:39:57.633 / (ERROR) DOWN: The operation has timed out https://ukzy.ukubf3.com/20220517/NK0qnjLo/2000kb/hls/Ae7xn1Y7.ts
12:39:58.657 / (ERROR) DOWN: AUTO RETRY 3/3 https://ukzy.ukubf3.com/20220517/NK0qnjLo/2000kb/hls/Ae7xn1Y7.ts
12:39:59.011 / (ERROR) DOWN: The operation has timed out. https://ukzy.ukubf3.com/20220517/NK0qnjLo/2000kb/hls/UrEZ0p2B.ts
12:40:00.031 / (ERROR) DOWN: AUTO RETRY 1/3 https://ukzy.ukubf3.com/20220517/NK0qnjLo/2000kb/hls/UrEZ0p2B.ts
12:40:02.310 / (ERROR) DOWN: The operation has timed out. https://ukzy.ukubf3.com/20220517/NK0qnjLo/2000kb/hls/0IxhOJZK.ts
12:40:03.333 / (ERROR) DOWN: AUTO RETRY 2/3 https://ukzy.ukubf3.com/20220517/NK0qnjLo/2000kb/hls/0IxhOJZK.ts
12:40:04.108 / (ERROR) DOWN: The operation has timed out. https://ukzy.ukubf3.com/20220517/NK0qnjLo/2000kb/hls/9Ndf9LcG.ts
12:40:04.930 / (ERROR) DOWN: The operation has timed out. https://ukzy.ukubf3.com/20220517/NK0qnjLo/2000kb/hls/0T8mJANR.ts
12:40:05.130 / (ERROR) DOWN: AUTO RETRY 2/3 https://ukzy.ukubf3.com/20220517/NK0qnjLo/2000kb/hls/9Ndf9LcG.ts
12:40:05.948 / (ERROR) DOWN: AUTO RETRY 3/3 https://ukzy.ukubf3.com/20220517/NK0qnjLo/2000kb/hls/0T8mJANR.ts
12:40:06.229 / (ERROR) DOWN: The operation has timed out. https://ukzy.ukubf3.com/20220517/NK0qnjLo/2000kb/hls/2FlzHslc.ts
12:40:06.243 / (ERROR) DOWN: The operation has timed out. https://ukzy.ukubf3.com/20220517/NK0qnjLo/2000kb/hls/vRJg7z5d.ts
12:40:07.245 / (ERROR) DOWN: AUTO RETRY 2/3 https://ukzy.ukubf3.com/20220517/NK0qnjLo/2000kb/hls/2FlzHslc.ts
12:40:07.261 / (ERROR) DOWN: AUTO RETRY 2/3 https://ukzy.ukubf3.com/20220517/NK0qnjLo/2000kb/hls/vRJg7z5d.ts
12:40:10.071 / (ERROR) DOWN: The operation has timed out https://ukzy.ukubf3.com/20220517/NK0qnjLo/2000kb/hls/UrEZ0p2B.ts
12:40:11.086 / (ERROR) DOWN: AUTO RETRY 2/3 https://ukzy.ukubf3.com/20220517/NK0qnjLo/2000kb/hls/UrEZ0p2B.ts
12:40:12.015 / (ERROR) DOWN: The operation has timed out. https://ukzy.ukubf3.com/20220517/NK0qnjLo/2000kb/hls/1N99KthM.ts
12:40:13.031 / (ERROR) DOWN: AUTO RETRY 2/3 https://ukzy.ukubf3.com/20220517/NK0qnjLo/2000kb/hls/1N99KthM.ts
12:40:13.373 / (ERROR) DOWN: The operation has timed out https://ukzy.ukubf3.com/20220517/NK0qnjLo/2000kb/hls/0IxhOJZK.ts
12:40:14.375 / (ERROR) DOWN: AUTO RETRY 3/3 https://ukzy.ukubf3.com/20220517/NK0qnjLo/2000kb/hls/0IxhOJZK.ts
12:40:15.163 / (ERROR) DOWN: The operation has timed out https://ukzy.ukubf3.com/20220517/NK0qnjLo/2000kb/hls/9Ndf9LcG.ts
12:40:16.184 / (ERROR) DOWN: AUTO RETRY 3/3 https://ukzy.ukubf3.com/20220517/NK0qnjLo/2000kb/hls/9Ndf9LcG.ts
12:40:17.282 / (ERROR) DOWN: The operation has timed out https://ukzy.ukubf3.com/20220517/NK0qnjLo/2000kb/hls/2FlzHslc.ts
12:40:18.117 / (ERROR) DOWN: The operation has timed out. https://ukzy.ukubf3.com/20220517/NK0qnjLo/2000kb/hls/Ty3mjnru.ts
12:40:18.301 / (ERROR) DOWN: AUTO RETRY 3/3 https://ukzy.ukubf3.com/20220517/NK0qnjLo/2000kb/hls/2FlzHslc.ts
12:40:19.130 / (ERROR) DOWN: AUTO RETRY 1/3 https://ukzy.ukubf3.com/20220517/NK0qnjLo/2000kb/hls/Ty3mjnru.ts
12:40:21.125 / (ERROR) DOWN: The operation has timed out https://ukzy.ukubf3.com/20220517/NK0qnjLo/2000kb/hls/UrEZ0p2B.ts
12:40:21.250 / (ERROR) DOWN: The operation has timed out. https://ukzy.ukubf3.com/20220517/NK0qnjLo/2000kb/hls/2B1cGlYK.ts
12:40:22.142 / (ERROR) DOWN: AUTO RETRY 3/3 https://ukzy.ukubf3.com/20220517/NK0qnjLo/2000kb/hls/UrEZ0p2B.ts
12:40:22.266 / (ERROR) DOWN: AUTO RETRY 3/3 https://ukzy.ukubf3.com/20220517/NK0qnjLo/2000kb/hls/2B1cGlYK.ts
