LOG 2023/05/02
Save Path: c:\Users\aaron\Desktop\m3u8下載器\N_m3u8DL-CLI_v3.0.2_with_ffmpeg_and_SimpleG\Logs
Task Start: 2023/05/02 18:15:19
Task CommandLine: c:\Users\aaron\Desktop\m3u8下載器\N_m3u8DL-CLI_v3.0.2_with_ffmpeg_and_SimpleG\N_m3u8DL-CLI_v3.0.2.exe https://ukzy.ukubf3.com/20220517/Gf081wIC/2000kb/hls/index.m3u8 --workDir C:\Users\aaron\Desktop\如意傳 --saveName "如懿傳 第79集"

18:15:19.355 / (NORMAL) 開始解析 https://ukzy.ukubf3.com/20220517/Gf081wIC/2000kb/hls/index.m3u8
18:15:21.170 / (NORMAL) 寫出meta.json
18:15:21.249 / (NORMAL) 開始下載文件
18:15:23.061 / (NORMAL) 讀取文件信息...
18:15:23.102 / (NORMAL) PID 0x100: Video h264, yuv420p(progressive), 1920x1080, 25 fps, 25 tbr, 90k tbn, 50 tbc
18:15:23.103 / (NORMAL) PID 0x101: Audio aac, 44100 Hz, stereo, fltp, 70 kb/s
18:16:06.307 / (ERROR) DOWN: 作業逾時 https://ukzy.ukubf3.com/20220517/Gf081wIC/2000kb/hls/Z5MsEWwm.ts
18:16:07.317 / (ERROR) DOWN: AUTO RETRY 1/3 https://ukzy.ukubf3.com/20220517/Gf081wIC/2000kb/hls/Z5MsEWwm.ts
18:17:37.713 / (ERROR) DOWN: 作業逾時 https://ukzy.ukubf3.com/20220517/Gf081wIC/2000kb/hls/482m1XmM.ts
18:17:38.726 / (ERROR) DOWN: AUTO RETRY 1/3 https://ukzy.ukubf3.com/20220517/Gf081wIC/2000kb/hls/482m1XmM.ts
18:18:25.742 / (ERROR) DOWN: 作業逾時。 https://ukzy.ukubf3.com/20220517/Gf081wIC/2000kb/hls/20CbwMT7.ts
18:18:26.755 / (ERROR) DOWN: AUTO RETRY 1/3 https://ukzy.ukubf3.com/20220517/Gf081wIC/2000kb/hls/20CbwMT7.ts
18:18:44.540 / (NORMAL) 開始合並分片...
18:18:48.873 / (NORMAL) 結果輸出至 [ffreport.log]
18:18:48.873 / (NORMAL) 任務結束

Task End: 2023/05/02 18:18:48
File: C:\Users\aaron\Desktop\如意傳\如懿傳 第79集.mp4


