LOG 2023/05/02
Save Path: c:\Users\aaron\Desktop\m3u8下載器\N_m3u8DL-CLI_v3.0.2_with_ffmpeg_and_SimpleG\Logs
Task Start: 2023/05/02 18:15:19
Task CommandLine: c:\Users\aaron\Desktop\m3u8下載器\N_m3u8DL-CLI_v3.0.2_with_ffmpeg_and_SimpleG\N_m3u8DL-CLI_v3.0.2.exe https://ukzy.ukubf3.com/20220517/aKbbHOH3/2000kb/hls/index.m3u8 --workDir C:\Users\aaron\Desktop\如意傳 --saveName "如懿傳 第78集"

18:15:19.121 / (NORMAL) 開始解析 https://ukzy.ukubf3.com/20220517/G7qdHuC2/2000kb/hls/index.m3u8
18:15:19.121 / (NORMAL) 開始解析 https://ukzy.ukubf3.com/20220517/aKbbHOH3/2000kb/hls/index.m3u8
18:15:20.857 / (NORMAL) 寫出meta.json
18:15:20.933 / (NORMAL) 開始下載文件
18:15:21.036 / (NORMAL) 寫出meta.json
18:15:21.118 / (NORMAL) 開始下載文件
18:15:22.877 / (NORMAL) 讀取文件信息...
18:15:22.917 / (NORMAL) PID 0x100: Video h264, yuv420p(progressive), 1920x1080, 25 fps, 25 tbr, 90k tbn, 50 tbc
18:15:22.918 / (NORMAL) PID 0x101: Audio aac, 44100 Hz, stereo, fltp, 70 kb/s
18:15:23.789 / (NORMAL) 讀取文件信息...
18:15:23.829 / (NORMAL) PID 0x100: Video h264, yuv420p(progressive), 1920x1080, 25 fps, 25 tbr, 90k tbn, 50 tbc
18:15:23.829 / (NORMAL) PID 0x101: Audio aac, 44100 Hz, stereo, fltp, 68 kb/s
18:17:47.048 / (ERROR) DOWN: 作業逾時 https://ukzy.ukubf3.com/20220517/G7qdHuC2/2000kb/hls/P4EWnBzi.ts
18:17:48.055 / (ERROR) DOWN: AUTO RETRY 1/3 https://ukzy.ukubf3.com/20220517/G7qdHuC2/2000kb/hls/P4EWnBzi.ts
18:18:46.205 / (NORMAL) 開始合並分片...
18:18:46.721 / (NORMAL) 開始合並分片...
18:18:52.488 / (NORMAL) 結果輸出至 [ffreport.log]
18:18:52.489 / (NORMAL) 任務結束

Task End: 2023/05/02 18:18:52
File: C:\Users\aaron\Desktop\如意傳\如懿傳 第75集.mp4


18:18:52.697 / (NORMAL) 結果輸出至 [ffreport.log]
18:18:52.698 / (NORMAL) 任務結束

Task End: 2023/05/02 18:18:52
File: C:\Users\aaron\Desktop\如意傳\如懿傳 第78集.mp4


