LOG 2023/04/21
Save Path: d:\Desktop\大碩下載器\N_m3u8DL-CLI_v3.0.2_with_ffmpeg_and_SimpleG\Logs
Task Start: 2023/04/21 12:49:36
Task CommandLine: d:\Desktop\大碩下載器\N_m3u8DL-CLI_v3.0.2_with_ffmpeg_and_SimpleG\N_m3u8DL-CLI_v3.0.2.exe https://ukzy.ukubf3.com/20220517/yxsC3Air/2000kb/hls/index.m3u8 --workDir C:\Users\aaron\Downloads --saveName "如懿傳 第54集"

12:49:36.913 / (NORMAL) Start Parsing https://ukzy.ukubf3.com/20220517/ezAJdPth/2000kb/hls/index.m3u8
12:49:36.915 / (NORMAL) Start Parsing https://ukzy.ukubf3.com/20220517/yxsC3Air/2000kb/hls/index.m3u8
12:49:38.040 / (NORMAL) The request was aborted: Could not create SSL/TLS secure channel.
12:49:38.050 / (ERROR) The request was aborted: Could not create SSL/TLS secure channel.
12:49:39.360 / (NORMAL) The request was aborted: Could not create SSL/TLS secure channel.
12:49:39.368 / (ERROR) The request was aborted: Could not create SSL/TLS secure channel.
12:49:40.688 / (NORMAL) The request was aborted: Could not create SSL/TLS secure channel.
12:49:40.697 / (ERROR) The request was aborted: Could not create SSL/TLS secure channel.
12:49:42.007 / (NORMAL) The request was aborted: Could not create SSL/TLS secure channel.
12:49:42.016 / (ERROR) The request was aborted: Could not create SSL/TLS secure channel.
12:49:45.109 / (NORMAL) The request was aborted: Could not create SSL/TLS secure channel.
12:49:45.119 / (ERROR) The request was aborted: Could not create SSL/TLS secure channel.
12:49:45.263 / (NORMAL) The request was aborted: Could not create SSL/TLS secure channel.
12:49:45.271 / (ERROR) The request was aborted: Could not create SSL/TLS secure channel.
12:49:48.449 / (NORMAL) The request was aborted: Could not create SSL/TLS secure channel.
12:49:48.458 / (ERROR) The request was aborted: Could not create SSL/TLS secure channel.
12:49:49.777 / (NORMAL) The request was aborted: Could not create SSL/TLS secure channel.
12:49:49.785 / (ERROR) The request was aborted: Could not create SSL/TLS secure channel.
12:49:51.896 / (NORMAL) The request was aborted: Could not create SSL/TLS secure channel.
12:49:51.904 / (ERROR) The request was aborted: Could not create SSL/TLS secure channel.
