LOG 2023/04/21
Save Path: d:\Desktop\大碩下載器\N_m3u8DL-CLI_v3.0.2_with_ffmpeg_and_SimpleG\Logs
Task Start: 2023/04/21 12:38:04
Task CommandLine: d:\Desktop\大碩下載器\N_m3u8DL-CLI_v3.0.2_with_ffmpeg_and_SimpleG\N_m3u8DL-CLI_v3.0.2.exe https://ukzy.ukubf3.com/20220517/yxsC3Air/2000kb/hls/index.m3u8 --workDir C:\Users\aaron\Downloads --saveName "如懿傳 第54集"

12:38:04.019 / (NORMAL) Start Parsing https://ukzy.ukubf3.com/20220517/yxsC3Air/2000kb/hls/index.m3u8
12:38:08.864 / (NORMAL) Writing Json: [meta.json]
12:38:08.949 / (NORMAL) Start Downloading
12:38:47.076 / (NORMAL) Reading File Info...
12:38:47.133 / (NORMAL) PID 0x100: Video h264, yuv420p(progressive), 1920x1080, 25 fps, 25 tbr, 90k tbn, 50 tbc
12:38:47.134 / (NORMAL) PID 0x101: Audio aac, 44100 Hz, stereo, fltp, 71 kb/s
12:39:19.243 / (ERROR) DOWN: The operation has timed out. https://ukzy.ukubf3.com/20220517/yxsC3Air/2000kb/hls/zosBoM5A.ts
12:39:20.248 / (ERROR) DOWN: AUTO RETRY 1/3 https://ukzy.ukubf3.com/20220517/yxsC3Air/2000kb/hls/zosBoM5A.ts
12:39:21.523 / (ERROR) DOWN: The operation has timed out. https://ukzy.ukubf3.com/20220517/yxsC3Air/2000kb/hls/HuUscA02.ts
12:39:22.534 / (ERROR) DOWN: AUTO RETRY 1/3 https://ukzy.ukubf3.com/20220517/yxsC3Air/2000kb/hls/HuUscA02.ts
12:39:26.234 / (ERROR) DOWN: The operation has timed out. https://ukzy.ukubf3.com/20220517/yxsC3Air/2000kb/hls/wlZ4Qetq.ts
12:39:27.251 / (ERROR) DOWN: AUTO RETRY 1/3 https://ukzy.ukubf3.com/20220517/yxsC3Air/2000kb/hls/wlZ4Qetq.ts
12:39:35.649 / (ERROR) DOWN: The operation has timed out. https://ukzy.ukubf3.com/20220517/yxsC3Air/2000kb/hls/tt7QDq9L.ts
12:39:36.359 / (ERROR) DOWN: The operation has timed out. https://ukzy.ukubf3.com/20220517/yxsC3Air/2000kb/hls/XhsWPOeR.ts
12:39:36.665 / (ERROR) DOWN: AUTO RETRY 1/3 https://ukzy.ukubf3.com/20220517/yxsC3Air/2000kb/hls/tt7QDq9L.ts
12:39:37.135 / (ERROR) DOWN: The operation has timed out. https://ukzy.ukubf3.com/20220517/yxsC3Air/2000kb/hls/zosBoM5A.ts
12:39:37.383 / (ERROR) DOWN: AUTO RETRY 1/3 https://ukzy.ukubf3.com/20220517/yxsC3Air/2000kb/hls/XhsWPOeR.ts
12:39:38.159 / (ERROR) DOWN: AUTO RETRY 2/3 https://ukzy.ukubf3.com/20220517/yxsC3Air/2000kb/hls/zosBoM5A.ts
12:39:39.104 / (ERROR) DOWN: The operation has timed out. https://ukzy.ukubf3.com/20220517/yxsC3Air/2000kb/hls/HuUscA02.ts
12:39:39.922 / (ERROR) DOWN: The operation has timed out. https://ukzy.ukubf3.com/20220517/yxsC3Air/2000kb/hls/wlZ4Qetq.ts
12:39:40.119 / (ERROR) DOWN: AUTO RETRY 2/3 https://ukzy.ukubf3.com/20220517/yxsC3Air/2000kb/hls/HuUscA02.ts
12:39:40.939 / (ERROR) DOWN: AUTO RETRY 2/3 https://ukzy.ukubf3.com/20220517/yxsC3Air/2000kb/hls/wlZ4Qetq.ts
12:39:42.229 / (ERROR) DOWN: The operation has timed out. https://ukzy.ukubf3.com/20220517/yxsC3Air/2000kb/hls/BTLI2ueQ.ts
12:39:43.244 / (ERROR) DOWN: AUTO RETRY 1/3 https://ukzy.ukubf3.com/20220517/yxsC3Air/2000kb/hls/BTLI2ueQ.ts
12:39:51.360 / (ERROR) DOWN: The operation has timed out. https://ukzy.ukubf3.com/20220517/yxsC3Air/2000kb/hls/NSrCoCF9.ts
12:39:52.378 / (ERROR) DOWN: AUTO RETRY 1/3 https://ukzy.ukubf3.com/20220517/yxsC3Air/2000kb/hls/NSrCoCF9.ts
12:39:55.269 / (ERROR) DOWN: The operation has timed out. https://ukzy.ukubf3.com/20220517/yxsC3Air/2000kb/hls/ogBZe9vs.ts
12:39:56.286 / (ERROR) DOWN: AUTO RETRY 1/3 https://ukzy.ukubf3.com/20220517/yxsC3Air/2000kb/hls/ogBZe9vs.ts
12:40:02.637 / (ERROR) DOWN: The operation has timed out. https://ukzy.ukubf3.com/20220517/yxsC3Air/2000kb/hls/yjMxQwam.ts
12:40:03.656 / (ERROR) DOWN: AUTO RETRY 1/3 https://ukzy.ukubf3.com/20220517/yxsC3Air/2000kb/hls/yjMxQwam.ts
12:40:05.055 / (ERROR) DOWN: The operation has timed out. https://ukzy.ukubf3.com/20220517/yxsC3Air/2000kb/hls/UQZuuTea.ts
12:40:06.070 / (ERROR) DOWN: AUTO RETRY 1/3 https://ukzy.ukubf3.com/20220517/yxsC3Air/2000kb/hls/UQZuuTea.ts
12:40:06.323 / (ERROR) DOWN: The operation has timed out https://ukzy.ukubf3.com/20220517/yxsC3Air/2000kb/hls/ogBZe9vs.ts
12:40:07.338 / (ERROR) DOWN: AUTO RETRY 2/3 https://ukzy.ukubf3.com/20220517/yxsC3Air/2000kb/hls/ogBZe9vs.ts
12:40:14.268 / (ERROR) DOWN: The operation has timed out. https://ukzy.ukubf3.com/20220517/yxsC3Air/2000kb/hls/1Q8tlhRd.ts
12:40:14.471 / (ERROR) DOWN: The operation has timed out. https://ukzy.ukubf3.com/20220517/yxsC3Air/2000kb/hls/LmOzi5zL.ts
12:40:14.809 / (ERROR) DOWN: The operation has timed out. https://ukzy.ukubf3.com/20220517/yxsC3Air/2000kb/hls/HuUscA02.ts
12:40:15.287 / (ERROR) DOWN: AUTO RETRY 1/3 https://ukzy.ukubf3.com/20220517/yxsC3Air/2000kb/hls/1Q8tlhRd.ts
12:40:15.486 / (ERROR) DOWN: AUTO RETRY 1/3 https://ukzy.ukubf3.com/20220517/yxsC3Air/2000kb/hls/LmOzi5zL.ts
12:40:15.826 / (ERROR) DOWN: AUTO RETRY 3/3 https://ukzy.ukubf3.com/20220517/yxsC3Air/2000kb/hls/HuUscA02.ts
12:40:19.361 / (ERROR) DOWN: The operation has timed out. https://ukzy.ukubf3.com/20220517/yxsC3Air/2000kb/hls/BTLI2ueQ.ts
12:40:20.382 / (ERROR) DOWN: AUTO RETRY 2/3 https://ukzy.ukubf3.com/20220517/yxsC3Air/2000kb/hls/BTLI2ueQ.ts
12:40:22.052 / (ERROR) DOWN: The operation has timed out. https://ukzy.ukubf3.com/20220517/yxsC3Air/2000kb/hls/gjEYHmAZ.ts
12:40:22.606 / (ERROR) DOWN: The operation has timed out. https://ukzy.ukubf3.com/20220517/yxsC3Air/2000kb/hls/skkBk3tD.ts
