LOG 2023/04/29
Save Path: c:\Users\aaron\Desktop\m3u8下載器\N_m3u8DL-CLI_v3.0.2_with_ffmpeg_and_SimpleG\Logs
Task Start: 2023/04/29 10:53:38
Task CommandLine: c:\Users\aaron\Desktop\m3u8下載器\N_m3u8DL-CLI_v3.0.2_with_ffmpeg_and_SimpleG\N_m3u8DL-CLI_v3.0.2.exe https://ukzy.ukubf3.com/20220517/TOMBGEmy/2000kb/hls/index.m3u8 --workDir C:\Users\aaron\Desktop\如意傳 --saveName "如懿傳 第63集"

10:53:38.317 / (NORMAL) 開始解析 https://ukzy.ukubf3.com/20220517/UimTEuTS/2000kb/hls/index.m3u8
10:53:38.318 / (NORMAL) 開始解析 https://ukzy.ukubf3.com/20220517/TOMBGEmy/2000kb/hls/index.m3u8
10:53:40.269 / (NORMAL) 寫出meta.json
10:53:40.333 / (NORMAL) 寫出meta.json
10:53:40.345 / (NORMAL) 開始下載文件
10:53:40.424 / (NORMAL) 開始下載文件
10:53:41.567 / (NORMAL) 讀取文件信息...
10:53:41.618 / (NORMAL) PID 0x100: Video h264, yuv420p(progressive), 1920x1080, 25 fps, 25 tbr, 90k tbn, 50 tbc
10:53:41.618 / (NORMAL) PID 0x101: Audio aac, 44100 Hz, stereo, fltp, 70 kb/s
10:53:41.901 / (NORMAL) 讀取文件信息...
10:53:41.941 / (NORMAL) PID 0x100: Video h264, yuv420p(progressive), 1920x1080, 25 fps, 25 tbr, 90k tbn, 50 tbc
10:53:41.941 / (NORMAL) PID 0x101: Audio aac, 44100 Hz, stereo, fltp, 65 kb/s
10:54:14.369 / (ERROR) DOWN: 作業逾時。 https://ukzy.ukubf3.com/20220517/TOMBGEmy/2000kb/hls/AyXdE5jk.ts
10:54:15.378 / (ERROR) DOWN: AUTO RETRY 1/3 https://ukzy.ukubf3.com/20220517/TOMBGEmy/2000kb/hls/AyXdE5jk.ts
10:55:10.459 / (ERROR) DOWN: 作業逾時 https://ukzy.ukubf3.com/20220517/UimTEuTS/2000kb/hls/31KJw6gq.ts
10:55:11.473 / (ERROR) DOWN: AUTO RETRY 1/3 https://ukzy.ukubf3.com/20220517/UimTEuTS/2000kb/hls/31KJw6gq.ts
10:57:10.373 / (NORMAL) 開始合並分片...
10:57:14.699 / (NORMAL) 結果輸出至 [ffreport.log]
10:57:14.699 / (NORMAL) 任務結束

Task End: 2023/04/29 10:57:14
File: C:\Users\aaron\Desktop\如意傳\如懿傳 第65集.mp4


10:57:19.273 / (NORMAL) 開始合並分片...
10:57:24.759 / (NORMAL) 結果輸出至 [ffreport.log]
10:57:24.759 / (NORMAL) 任務結束

Task End: 2023/04/29 10:57:24
File: C:\Users\aaron\Desktop\如意傳\如懿傳 第63集.mp4


